INFO:__main__:Loading target episodes...
INFO:__main__:Loaded 500 target episodes
INFO:__main__:Extracting door positions with 16 workers...
INFO:__main__:  0 already cached, 500 to process
INFO:OpenGL.acceleratesupport:No OpenGL_accelerate module loaded: No module named 'OpenGL_accelerate'
INFO:OpenGL.acceleratesupport:No OpenGL_accelerate module loaded: No module named 'OpenGL_accelerate'
INFO:OpenGL.acceleratesupport:No OpenGL_accelerate module loaded: No module named 'OpenGL_accelerate'
INFO:OpenGL.acceleratesupport:No OpenGL_accelerate module loaded: No module named 'OpenGL_accelerate'
INFO:OpenGL.acceleratesupport:No OpenGL_accelerate module loaded: No module named 'OpenGL_accelerate'
INFO:OpenGL.acceleratesupport:No OpenGL_accelerate module loaded: No module named 'OpenGL_accelerate'
INFO:OpenGL.acceleratesupport:No OpenGL_accelerate module loaded: No module named 'OpenGL_accelerate'
INFO:OpenGL.acceleratesupport:No OpenGL_accelerate module loaded: No module named 'OpenGL_accelerate'
INFO:OpenGL.acceleratesupport:No OpenGL_accelerate module loaded: No module named 'OpenGL_accelerate'
INFO:OpenGL.acceleratesupport:No OpenGL_accelerate module loaded: No module named 'OpenGL_accelerate'
INFO:OpenGL.acceleratesupport:No OpenGL_accelerate module loaded: No module named 'OpenGL_accelerate'
INFO:OpenGL.acceleratesupport:No OpenGL_accelerate module loaded: No module named 'OpenGL_accelerate'
INFO:OpenGL.acceleratesupport:No OpenGL_accelerate module loaded: No module named 'OpenGL_accelerate'
INFO:OpenGL.acceleratesupport:No OpenGL_accelerate module loaded: No module named 'OpenGL_accelerate'
INFO:OpenGL.acceleratesupport:No OpenGL_accelerate module loaded: No module named 'OpenGL_accelerate'
INFO:OpenGL.acceleratesupport:No OpenGL_accelerate module loaded: No module named 'OpenGL_accelerate'
INFO:OpenGL.acceleratesupport:No OpenGL_accelerate module loaded: No module named 'OpenGL_accelerate'
[robosuite WARNING] Could not import robosuite_models. Some robots may not be available. If you want to use these robots, please install robosuite_models from source (https://github.com/ARISE-Initiative/robosuite_models) or through pip install. (__init__.py:30)
WARNING:robosuite_logs:Could not import robosuite_models. Some robots may not be available. If you want to use these robots, please install robosuite_models from source (https://github.com/ARISE-Initiative/robosuite_models) or through pip install.
[robosuite WARNING] Could not import robosuite_models. Some robots may not be available. If you want to use these robots, please install robosuite_models from source (https://github.com/ARISE-Initiative/robosuite_models) or through pip install. (__init__.py:30)
WARNING:robosuite_logs:Could not import robosuite_models. Some robots may not be available. If you want to use these robots, please install robosuite_models from source (https://github.com/ARISE-Initiative/robosuite_models) or through pip install.
[robosuite WARNING] Could not load the mink-based whole-body IK. Make sure you install related import properly (e.g. pip install mink==0.0.5), otherwise you will not be able to use the default IK controller setting for GR1 robot. (__init__.py:40)
WARNING:robosuite_logs:Could not load the mink-based whole-body IK. Make sure you install related import properly (e.g. pip install mink==0.0.5), otherwise you will not be able to use the default IK controller setting for GR1 robot.
[robosuite WARNING] Could not load the mink-based whole-body IK. Make sure you install related import properly (e.g. pip install mink==0.0.5), otherwise you will not be able to use the default IK controller setting for GR1 robot. (__init__.py:40)
WARNING:robosuite_logs:Could not load the mink-based whole-body IK. Make sure you install related import properly (e.g. pip install mink==0.0.5), otherwise you will not be able to use the default IK controller setting for GR1 robot.
[robosuite WARNING] Could not import robosuite_models. Some robots may not be available. If you want to use these robots, please install robosuite_models from source (https://github.com/ARISE-Initiative/robosuite_models) or through pip install. (__init__.py:30)
WARNING:robosuite_logs:Could not import robosuite_models. Some robots may not be available. If you want to use these robots, please install robosuite_models from source (https://github.com/ARISE-Initiative/robosuite_models) or through pip install.
[robosuite WARNING] Could not load the mink-based whole-body IK. Make sure you install related import properly (e.g. pip install mink==0.0.5), otherwise you will not be able to use the default IK controller setting for GR1 robot. (__init__.py:40)
WARNING:robosuite_logs:Could not load the mink-based whole-body IK. Make sure you install related import properly (e.g. pip install mink==0.0.5), otherwise you will not be able to use the default IK controller setting for GR1 robot.
[robosuite WARNING] Could not import robosuite_models. Some robots may not be available. If you want to use these robots, please install robosuite_models from source (https://github.com/ARISE-Initiative/robosuite_models) or through pip install. (__init__.py:30)
WARNING:robosuite_logs:Could not import robosuite_models. Some robots may not be available. If you want to use these robots, please install robosuite_models from source (https://github.com/ARISE-Initiative/robosuite_models) or through pip install.
[robosuite WARNING] Could not import robosuite_models. Some robots may not be available. If you want to use these robots, please install robosuite_models from source (https://github.com/ARISE-Initiative/robosuite_models) or through pip install. (__init__.py:30)
WARNING:robosuite_logs:Could not import robosuite_models. Some robots may not be available. If you want to use these robots, please install robosuite_models from source (https://github.com/ARISE-Initiative/robosuite_models) or through pip install.
[robosuite WARNING] Could not load the mink-based whole-body IK. Make sure you install related import properly (e.g. pip install mink==0.0.5), otherwise you will not be able to use the default IK controller setting for GR1 robot. (__init__.py:40)
WARNING:robosuite_logs:Could not load the mink-based whole-body IK. Make sure you install related import properly (e.g. pip install mink==0.0.5), otherwise you will not be able to use the default IK controller setting for GR1 robot.
[robosuite WARNING] Could not load the mink-based whole-body IK. Make sure you install related import properly (e.g. pip install mink==0.0.5), otherwise you will not be able to use the default IK controller setting for GR1 robot. (__init__.py:40)
WARNING:robosuite_logs:Could not load the mink-based whole-body IK. Make sure you install related import properly (e.g. pip install mink==0.0.5), otherwise you will not be able to use the default IK controller setting for GR1 robot.
[robosuite WARNING] Could not import robosuite_models. Some robots may not be available. If you want to use these robots, please install robosuite_models from source (https://github.com/ARISE-Initiative/robosuite_models) or through pip install. (__init__.py:30)
WARNING:robosuite_logs:Could not import robosuite_models. Some robots may not be available. If you want to use these robots, please install robosuite_models from source (https://github.com/ARISE-Initiative/robosuite_models) or through pip install.
[robosuite WARNING] Could not load the mink-based whole-body IK. Make sure you install related import properly (e.g. pip install mink==0.0.5), otherwise you will not be able to use the default IK controller setting for GR1 robot. (__init__.py:40)
WARNING:robosuite_logs:Could not load the mink-based whole-body IK. Make sure you install related import properly (e.g. pip install mink==0.0.5), otherwise you will not be able to use the default IK controller setting for GR1 robot.
[robosuite WARNING] Could not import robosuite_models. Some robots may not be available. If you want to use these robots, please install robosuite_models from source (https://github.com/ARISE-Initiative/robosuite_models) or through pip install. (__init__.py:30)
WARNING:robosuite_logs:Could not import robosuite_models. Some robots may not be available. If you want to use these robots, please install robosuite_models from source (https://github.com/ARISE-Initiative/robosuite_models) or through pip install.
[robosuite WARNING] Could not load the mink-based whole-body IK. Make sure you install related import properly (e.g. pip install mink==0.0.5), otherwise you will not be able to use the default IK controller setting for GR1 robot. (__init__.py:40)
WARNING:robosuite_logs:Could not load the mink-based whole-body IK. Make sure you install related import properly (e.g. pip install mink==0.0.5), otherwise you will not be able to use the default IK controller setting for GR1 robot.
[robosuite WARNING] Could not import robosuite_models. Some robots may not be available. If you want to use these robots, please install robosuite_models from source (https://github.com/ARISE-Initiative/robosuite_models) or through pip install. (__init__.py:30)
WARNING:robosuite_logs:Could not import robosuite_models. Some robots may not be available. If you want to use these robots, please install robosuite_models from source (https://github.com/ARISE-Initiative/robosuite_models) or through pip install.
[robosuite WARNING] Could not import robosuite_models. Some robots may not be available. If you want to use these robots, please install robosuite_models from source (https://github.com/ARISE-Initiative/robosuite_models) or through pip install. (__init__.py:30)
WARNING:robosuite_logs:Could not import robosuite_models. Some robots may not be available. If you want to use these robots, please install robosuite_models from source (https://github.com/ARISE-Initiative/robosuite_models) or through pip install.
[robosuite WARNING] Could not load the mink-based whole-body IK. Make sure you install related import properly (e.g. pip install mink==0.0.5), otherwise you will not be able to use the default IK controller setting for GR1 robot. (__init__.py:40)
WARNING:robosuite_logs:Could not load the mink-based whole-body IK. Make sure you install related import properly (e.g. pip install mink==0.0.5), otherwise you will not be able to use the default IK controller setting for GR1 robot.
[robosuite WARNING] Could not import robosuite_models. Some robots may not be available. If you want to use these robots, please install robosuite_models from source (https://github.com/ARISE-Initiative/robosuite_models) or through pip install. (__init__.py:30)
WARNING:robosuite_logs:Could not import robosuite_models. Some robots may not be available. If you want to use these robots, please install robosuite_models from source (https://github.com/ARISE-Initiative/robosuite_models) or through pip install.
[robosuite WARNING] Could not load the mink-based whole-body IK. Make sure you install related import properly (e.g. pip install mink==0.0.5), otherwise you will not be able to use the default IK controller setting for GR1 robot. (__init__.py:40)
WARNING:robosuite_logs:Could not load the mink-based whole-body IK. Make sure you install related import properly (e.g. pip install mink==0.0.5), otherwise you will not be able to use the default IK controller setting for GR1 robot.
[robosuite WARNING] Could not load the mink-based whole-body IK. Make sure you install related import properly (e.g. pip install mink==0.0.5), otherwise you will not be able to use the default IK controller setting for GR1 robot. (__init__.py:40)
WARNING:robosuite_logs:Could not load the mink-based whole-body IK. Make sure you install related import properly (e.g. pip install mink==0.0.5), otherwise you will not be able to use the default IK controller setting for GR1 robot.
[robosuite WARNING] Could not import robosuite_models. Some robots may not be available. If you want to use these robots, please install robosuite_models from source (https://github.com/ARISE-Initiative/robosuite_models) or through pip install. (__init__.py:30)
WARNING:robosuite_logs:Could not import robosuite_models. Some robots may not be available. If you want to use these robots, please install robosuite_models from source (https://github.com/ARISE-Initiative/robosuite_models) or through pip install.
[robosuite WARNING] Could not load the mink-based whole-body IK. Make sure you install related import properly (e.g. pip install mink==0.0.5), otherwise you will not be able to use the default IK controller setting for GR1 robot. (__init__.py:40)
WARNING:robosuite_logs:Could not load the mink-based whole-body IK. Make sure you install related import properly (e.g. pip install mink==0.0.5), otherwise you will not be able to use the default IK controller setting for GR1 robot.
[robosuite WARNING] Could not import robosuite_models. Some robots may not be available. If you want to use these robots, please install robosuite_models from source (https://github.com/ARISE-Initiative/robosuite_models) or through pip install. (__init__.py:30)
[robosuite WARNING] Could not import robosuite_models. Some robots may not be available. If you want to use these robots, please install robosuite_models from source (https://github.com/ARISE-Initiative/robosuite_models) or through pip install. (__init__.py:30)
WARNING:robosuite_logs:Could not import robosuite_models. Some robots may not be available. If you want to use these robots, please install robosuite_models from source (https://github.com/ARISE-Initiative/robosuite_models) or through pip install.
WARNING:robosuite_logs:Could not import robosuite_models. Some robots may not be available. If you want to use these robots, please install robosuite_models from source (https://github.com/ARISE-Initiative/robosuite_models) or through pip install.
[robosuite WARNING] Could not load the mink-based whole-body IK. Make sure you install related import properly (e.g. pip install mink==0.0.5), otherwise you will not be able to use the default IK controller setting for GR1 robot. (__init__.py:40)
[robosuite WARNING] Could not load the mink-based whole-body IK. Make sure you install related import properly (e.g. pip install mink==0.0.5), otherwise you will not be able to use the default IK controller setting for GR1 robot. (__init__.py:40)
WARNING:robosuite_logs:Could not load the mink-based whole-body IK. Make sure you install related import properly (e.g. pip install mink==0.0.5), otherwise you will not be able to use the default IK controller setting for GR1 robot.
WARNING:robosuite_logs:Could not load the mink-based whole-body IK. Make sure you install related import properly (e.g. pip install mink==0.0.5), otherwise you will not be able to use the default IK controller setting for GR1 robot.
[robosuite WARNING] Could not import robosuite_models. Some robots may not be available. If you want to use these robots, please install robosuite_models from source (https://github.com/ARISE-Initiative/robosuite_models) or through pip install. (__init__.py:30)
WARNING:robosuite_logs:Could not import robosuite_models. Some robots may not be available. If you want to use these robots, please install robosuite_models from source (https://github.com/ARISE-Initiative/robosuite_models) or through pip install.
[robosuite WARNING] Could not load the mink-based whole-body IK. Make sure you install related import properly (e.g. pip install mink==0.0.5), otherwise you will not be able to use the default IK controller setting for GR1 robot. (__init__.py:40)
WARNING:robosuite_logs:Could not load the mink-based whole-body IK. Make sure you install related import properly (e.g. pip install mink==0.0.5), otherwise you will not be able to use the default IK controller setting for GR1 robot.
[robosuite WARNING] Could not import robosuite_models. Some robots may not be available. If you want to use these robots, please install robosuite_models from source (https://github.com/ARISE-Initiative/robosuite_models) or through pip install. (__init__.py:30)
WARNING:robosuite_logs:Could not import robosuite_models. Some robots may not be available. If you want to use these robots, please install robosuite_models from source (https://github.com/ARISE-Initiative/robosuite_models) or through pip install.
[robosuite WARNING] Could not import robosuite_models. Some robots may not be available. If you want to use these robots, please install robosuite_models from source (https://github.com/ARISE-Initiative/robosuite_models) or through pip install. (__init__.py:30)
WARNING:robosuite_logs:Could not import robosuite_models. Some robots may not be available. If you want to use these robots, please install robosuite_models from source (https://github.com/ARISE-Initiative/robosuite_models) or through pip install.
[robosuite WARNING] Could not load the mink-based whole-body IK. Make sure you install related import properly (e.g. pip install mink==0.0.5), otherwise you will not be able to use the default IK controller setting for GR1 robot. (__init__.py:40)
WARNING:robosuite_logs:Could not load the mink-based whole-body IK. Make sure you install related import properly (e.g. pip install mink==0.0.5), otherwise you will not be able to use the default IK controller setting for GR1 robot.
[robosuite WARNING] Could not load the mink-based whole-body IK. Make sure you install related import properly (e.g. pip install mink==0.0.5), otherwise you will not be able to use the default IK controller setting for GR1 robot. (__init__.py:40)
WARNING:robosuite_logs:Could not load the mink-based whole-body IK. Make sure you install related import properly (e.g. pip install mink==0.0.5), otherwise you will not be able to use the default IK controller setting for GR1 robot.
[robosuite WARNING] Could not import robosuite_models. Some robots may not be available. If you want to use these robots, please install robosuite_models from source (https://github.com/ARISE-Initiative/robosuite_models) or through pip install. (__init__.py:30)
WARNING:robosuite_logs:Could not import robosuite_models. Some robots may not be available. If you want to use these robots, please install robosuite_models from source (https://github.com/ARISE-Initiative/robosuite_models) or through pip install.
[robosuite WARNING] Could not load the mink-based whole-body IK. Make sure you install related import properly (e.g. pip install mink==0.0.5), otherwise you will not be able to use the default IK controller setting for GR1 robot. (__init__.py:40)
WARNING:robosuite_logs:Could not load the mink-based whole-body IK. Make sure you install related import properly (e.g. pip install mink==0.0.5), otherwise you will not be able to use the default IK controller setting for GR1 robot.
[robosuite INFO] Loading controller configuration from: /home/noahcylich/cs188-cabinet-door-project/robosuite/robosuite/controllers/config/robots/default_pandaomron.json (composite_controller_factory.py:121)
WARNING: mimicgen environments not imported since mimicgen is not installed!
INFO:robosuite_logs:Loading controller configuration from: /home/noahcylich/cs188-cabinet-door-project/robosuite/robosuite/controllers/config/robots/default_pandaomron.json
[robosuite INFO] Loading controller configuration from: /home/noahcylich/cs188-cabinet-door-project/robosuite/robosuite/controllers/config/robots/default_pandaomron.json (composite_controller_factory.py:121)
WARNING: mimicgen environments not imported since mimicgen is not installed!
INFO:robosuite_logs:Loading controller configuration from: /home/noahcylich/cs188-cabinet-door-project/robosuite/robosuite/controllers/config/robots/default_pandaomron.json
[robosuite INFO] Loading controller configuration from: /home/noahcylich/cs188-cabinet-door-project/robosuite/robosuite/controllers/config/robots/default_pandaomron.json (composite_controller_factory.py:121)
WARNING: mimicgen environments not imported since mimicgen is not installed!
INFO:robosuite_logs:Loading controller configuration from: /home/noahcylich/cs188-cabinet-door-project/robosuite/robosuite/controllers/config/robots/default_pandaomron.json
[robosuite INFO] Loading controller configuration from: /home/noahcylich/cs188-cabinet-door-project/robosuite/robosuite/controllers/config/robots/default_pandaomron.json (composite_controller_factory.py:121)
WARNING: mimicgen environments not imported since mimicgen is not installed!
INFO:robosuite_logs:Loading controller configuration from: /home/noahcylich/cs188-cabinet-door-project/robosuite/robosuite/controllers/config/robots/default_pandaomron.json
[robosuite INFO] Loading controller configuration from: /home/noahcylich/cs188-cabinet-door-project/robosuite/robosuite/controllers/config/robots/default_pandaomron.json (composite_controller_factory.py:121)
WARNING: mimicgen environments not imported since mimicgen is not installed!
INFO:robosuite_logs:Loading controller configuration from: /home/noahcylich/cs188-cabinet-door-project/robosuite/robosuite/controllers/config/robots/default_pandaomron.json
[robosuite INFO] Loading controller configuration from: /home/noahcylich/cs188-cabinet-door-project/robosuite/robosuite/controllers/config/robots/default_pandaomron.json (composite_controller_factory.py:121)
WARNING: mimicgen environments not imported since mimicgen is not installed!
INFO:robosuite_logs:Loading controller configuration from: /home/noahcylich/cs188-cabinet-door-project/robosuite/robosuite/controllers/config/robots/default_pandaomron.json
[robosuite INFO] Loading controller configuration from: /home/noahcylich/cs188-cabinet-door-project/robosuite/robosuite/controllers/config/robots/default_pandaomron.json (composite_controller_factory.py:121)
WARNING: mimicgen environments not imported since mimicgen is not installed!
INFO:robosuite_logs:Loading controller configuration from: /home/noahcylich/cs188-cabinet-door-project/robosuite/robosuite/controllers/config/robots/default_pandaomron.json
[robosuite INFO] Loading controller configuration from: /home/noahcylich/cs188-cabinet-door-project/robosuite/robosuite/controllers/config/robots/default_pandaomron.json (composite_controller_factory.py:121)
WARNING: mimicgen environments not imported since mimicgen is not installed!
INFO:robosuite_logs:Loading controller configuration from: /home/noahcylich/cs188-cabinet-door-project/robosuite/robosuite/controllers/config/robots/default_pandaomron.json
[robosuite INFO] Loading controller configuration from: /home/noahcylich/cs188-cabinet-door-project/robosuite/robosuite/controllers/config/robots/default_pandaomron.json (composite_controller_factory.py:121)
WARNING: mimicgen environments not imported since mimicgen is not installed!
INFO:robosuite_logs:Loading controller configuration from: /home/noahcylich/cs188-cabinet-door-project/robosuite/robosuite/controllers/config/robots/default_pandaomron.json
[robosuite INFO] Loading controller configuration from: /home/noahcylich/cs188-cabinet-door-project/robosuite/robosuite/controllers/config/robots/default_pandaomron.json (composite_controller_factory.py:121)
WARNING: mimicgen environments not imported since mimicgen is not installed!
INFO:robosuite_logs:Loading controller configuration from: /home/noahcylich/cs188-cabinet-door-project/robosuite/robosuite/controllers/config/robots/default_pandaomron.json
[robosuite INFO] Loading controller configuration from: /home/noahcylich/cs188-cabinet-door-project/robosuite/robosuite/controllers/config/robots/default_pandaomron.json (composite_controller_factory.py:121)
WARNING: mimicgen environments not imported since mimicgen is not installed!
INFO:robosuite_logs:Loading controller configuration from: /home/noahcylich/cs188-cabinet-door-project/robosuite/robosuite/controllers/config/robots/default_pandaomron.json
[robosuite INFO] Loading controller configuration from: /home/noahcylich/cs188-cabinet-door-project/robosuite/robosuite/controllers/config/robots/default_pandaomron.json (composite_controller_factory.py:121)
WARNING: mimicgen environments not imported since mimicgen is not installed!
INFO:robosuite_logs:Loading controller configuration from: /home/noahcylich/cs188-cabinet-door-project/robosuite/robosuite/controllers/config/robots/default_pandaomron.json
[robosuite INFO] Loading controller configuration from: /home/noahcylich/cs188-cabinet-door-project/robosuite/robosuite/controllers/config/robots/default_pandaomron.json (composite_controller_factory.py:121)
WARNING: mimicgen environments not imported since mimicgen is not installed!
INFO:robosuite_logs:Loading controller configuration from: /home/noahcylich/cs188-cabinet-door-project/robosuite/robosuite/controllers/config/robots/default_pandaomron.json
[robosuite INFO] Loading controller configuration from: /home/noahcylich/cs188-cabinet-door-project/robosuite/robosuite/controllers/config/robots/default_pandaomron.json (composite_controller_factory.py:121)
WARNING: mimicgen environments not imported since mimicgen is not installed!
INFO:robosuite_logs:Loading controller configuration from: /home/noahcylich/cs188-cabinet-door-project/robosuite/robosuite/controllers/config/robots/default_pandaomron.json
[robosuite INFO] Loading controller configuration from: /home/noahcylich/cs188-cabinet-door-project/robosuite/robosuite/controllers/config/robots/default_pandaomron.json (composite_controller_factory.py:121)
WARNING: mimicgen environments not imported since mimicgen is not installed!
INFO:robosuite_logs:Loading controller configuration from: /home/noahcylich/cs188-cabinet-door-project/robosuite/robosuite/controllers/config/robots/default_pandaomron.json
[robosuite INFO] Loading controller configuration from: /home/noahcylich/cs188-cabinet-door-project/robosuite/robosuite/controllers/config/robots/default_pandaomron.json (composite_controller_factory.py:121)
WARNING: mimicgen environments not imported since mimicgen is not installed!
INFO:robosuite_logs:Loading controller configuration from: /home/noahcylich/cs188-cabinet-door-project/robosuite/robosuite/controllers/config/robots/default_pandaomron.json
[robosuite INFO] Loading controller configuration from: /home/noahcylich/cs188-cabinet-door-project/robosuite/robosuite/controllers/config/robots/default_pandaomron.json (composite_controller_factory.py:121)
WARNING: mimicgen environments not imported since mimicgen is not installed!
INFO:robosuite_logs:Loading controller configuration from: /home/noahcylich/cs188-cabinet-door-project/robosuite/robosuite/controllers/config/robots/default_pandaomron.json
INFO:__main__:  Door positions done in 830s
INFO:__main__:Door positions loaded for 500 episodes
INFO:__main__:Total frames: 184024, episodes: 500
INFO:__main__:Handle cache: 0/500 already cached
INFO:__main__:Building handle cache for 500 episodes with 16 workers...
INFO:OpenGL.acceleratesupport:No OpenGL_accelerate module loaded: No module named 'OpenGL_accelerate'
INFO:OpenGL.acceleratesupport:No OpenGL_accelerate module loaded: No module named 'OpenGL_accelerate'
INFO:OpenGL.acceleratesupport:No OpenGL_accelerate module loaded: No module named 'OpenGL_accelerate'
INFO:OpenGL.acceleratesupport:No OpenGL_accelerate module loaded: No module named 'OpenGL_accelerate'
INFO:OpenGL.acceleratesupport:No OpenGL_accelerate module loaded: No module named 'OpenGL_accelerate'
INFO:OpenGL.acceleratesupport:No OpenGL_accelerate module loaded: No module named 'OpenGL_accelerate'
INFO:OpenGL.acceleratesupport:No OpenGL_accelerate module loaded: No module named 'OpenGL_accelerate'
INFO:OpenGL.acceleratesupport:No OpenGL_accelerate module loaded: No module named 'OpenGL_accelerate'
INFO:OpenGL.acceleratesupport:No OpenGL_accelerate module loaded: No module named 'OpenGL_accelerate'
INFO:OpenGL.acceleratesupport:No OpenGL_accelerate module loaded: No module named 'OpenGL_accelerate'
INFO:OpenGL.acceleratesupport:No OpenGL_accelerate module loaded: No module named 'OpenGL_accelerate'
INFO:OpenGL.acceleratesupport:No OpenGL_accelerate module loaded: No module named 'OpenGL_accelerate'
INFO:OpenGL.acceleratesupport:No OpenGL_accelerate module loaded: No module named 'OpenGL_accelerate'
INFO:OpenGL.acceleratesupport:No OpenGL_accelerate module loaded: No module named 'OpenGL_accelerate'
INFO:OpenGL.acceleratesupport:No OpenGL_accelerate module loaded: No module named 'OpenGL_accelerate'
INFO:OpenGL.acceleratesupport:No OpenGL_accelerate module loaded: No module named 'OpenGL_accelerate'
INFO:OpenGL.acceleratesupport:No OpenGL_accelerate module loaded: No module named 'OpenGL_accelerate'
[robosuite WARNING] Could not import robosuite_models. Some robots may not be available. If you want to use these robots, please install robosuite_models from source (https://github.com/ARISE-Initiative/robosuite_models) or through pip install. (__init__.py:30)
WARNING:robosuite_logs:Could not import robosuite_models. Some robots may not be available. If you want to use these robots, please install robosuite_models from source (https://github.com/ARISE-Initiative/robosuite_models) or through pip install.
[robosuite WARNING] Could not load the mink-based whole-body IK. Make sure you install related import properly (e.g. pip install mink==0.0.5), otherwise you will not be able to use the default IK controller setting for GR1 robot. (__init__.py:40)
WARNING:robosuite_logs:Could not load the mink-based whole-body IK. Make sure you install related import properly (e.g. pip install mink==0.0.5), otherwise you will not be able to use the default IK controller setting for GR1 robot.
[robosuite WARNING] Could not import robosuite_models. Some robots may not be available. If you want to use these robots, please install robosuite_models from source (https://github.com/ARISE-Initiative/robosuite_models) or through pip install. (__init__.py:30)
WARNING:robosuite_logs:Could not import robosuite_models. Some robots may not be available. If you want to use these robots, please install robosuite_models from source (https://github.com/ARISE-Initiative/robosuite_models) or through pip install.
[robosuite WARNING] Could not import robosuite_models. Some robots may not be available. If you want to use these robots, please install robosuite_models from source (https://github.com/ARISE-Initiative/robosuite_models) or through pip install. (__init__.py:30)
WARNING:robosuite_logs:Could not import robosuite_models. Some robots may not be available. If you want to use these robots, please install robosuite_models from source (https://github.com/ARISE-Initiative/robosuite_models) or through pip install.
[robosuite WARNING] Could not import robosuite_models. Some robots may not be available. If you want to use these robots, please install robosuite_models from source (https://github.com/ARISE-Initiative/robosuite_models) or through pip install. (__init__.py:30)
WARNING:robosuite_logs:Could not import robosuite_models. Some robots may not be available. If you want to use these robots, please install robosuite_models from source (https://github.com/ARISE-Initiative/robosuite_models) or through pip install.
[robosuite WARNING] Could not load the mink-based whole-body IK. Make sure you install related import properly (e.g. pip install mink==0.0.5), otherwise you will not be able to use the default IK controller setting for GR1 robot. (__init__.py:40)
WARNING:robosuite_logs:Could not load the mink-based whole-body IK. Make sure you install related import properly (e.g. pip install mink==0.0.5), otherwise you will not be able to use the default IK controller setting for GR1 robot.
[robosuite WARNING] Could not load the mink-based whole-body IK. Make sure you install related import properly (e.g. pip install mink==0.0.5), otherwise you will not be able to use the default IK controller setting for GR1 robot. (__init__.py:40)
WARNING:robosuite_logs:Could not load the mink-based whole-body IK. Make sure you install related import properly (e.g. pip install mink==0.0.5), otherwise you will not be able to use the default IK controller setting for GR1 robot.
[robosuite WARNING] Could not load the mink-based whole-body IK. Make sure you install related import properly (e.g. pip install mink==0.0.5), otherwise you will not be able to use the default IK controller setting for GR1 robot. (__init__.py:40)
WARNING:robosuite_logs:Could not load the mink-based whole-body IK. Make sure you install related import properly (e.g. pip install mink==0.0.5), otherwise you will not be able to use the default IK controller setting for GR1 robot.
[robosuite WARNING] Could not import robosuite_models. Some robots may not be available. If you want to use these robots, please install robosuite_models from source (https://github.com/ARISE-Initiative/robosuite_models) or through pip install. (__init__.py:30)
WARNING:robosuite_logs:Could not import robosuite_models. Some robots may not be available. If you want to use these robots, please install robosuite_models from source (https://github.com/ARISE-Initiative/robosuite_models) or through pip install.
[robosuite WARNING] Could not load the mink-based whole-body IK. Make sure you install related import properly (e.g. pip install mink==0.0.5), otherwise you will not be able to use the default IK controller setting for GR1 robot. (__init__.py:40)
WARNING:robosuite_logs:Could not load the mink-based whole-body IK. Make sure you install related import properly (e.g. pip install mink==0.0.5), otherwise you will not be able to use the default IK controller setting for GR1 robot.
[robosuite WARNING] Could not import robosuite_models. Some robots may not be available. If you want to use these robots, please install robosuite_models from source (https://github.com/ARISE-Initiative/robosuite_models) or through pip install. (__init__.py:30)
WARNING:robosuite_logs:Could not import robosuite_models. Some robots may not be available. If you want to use these robots, please install robosuite_models from source (https://github.com/ARISE-Initiative/robosuite_models) or through pip install.
[robosuite WARNING] Could not load the mink-based whole-body IK. Make sure you install related import properly (e.g. pip install mink==0.0.5), otherwise you will not be able to use the default IK controller setting for GR1 robot. (__init__.py:40)
WARNING:robosuite_logs:Could not load the mink-based whole-body IK. Make sure you install related import properly (e.g. pip install mink==0.0.5), otherwise you will not be able to use the default IK controller setting for GR1 robot.
[robosuite WARNING] Could not import robosuite_models. Some robots may not be available. If you want to use these robots, please install robosuite_models from source (https://github.com/ARISE-Initiative/robosuite_models) or through pip install. (__init__.py:30)
WARNING:robosuite_logs:Could not import robosuite_models. Some robots may not be available. If you want to use these robots, please install robosuite_models from source (https://github.com/ARISE-Initiative/robosuite_models) or through pip install.
[robosuite WARNING] Could not load the mink-based whole-body IK. Make sure you install related import properly (e.g. pip install mink==0.0.5), otherwise you will not be able to use the default IK controller setting for GR1 robot. (__init__.py:40)
WARNING:robosuite_logs:Could not load the mink-based whole-body IK. Make sure you install related import properly (e.g. pip install mink==0.0.5), otherwise you will not be able to use the default IK controller setting for GR1 robot.
[robosuite WARNING] Could not import robosuite_models. Some robots may not be available. If you want to use these robots, please install robosuite_models from source (https://github.com/ARISE-Initiative/robosuite_models) or through pip install. (__init__.py:30)
WARNING:robosuite_logs:Could not import robosuite_models. Some robots may not be available. If you want to use these robots, please install robosuite_models from source (https://github.com/ARISE-Initiative/robosuite_models) or through pip install.
[robosuite WARNING] Could not load the mink-based whole-body IK. Make sure you install related import properly (e.g. pip install mink==0.0.5), otherwise you will not be able to use the default IK controller setting for GR1 robot. (__init__.py:40)
WARNING:robosuite_logs:Could not load the mink-based whole-body IK. Make sure you install related import properly (e.g. pip install mink==0.0.5), otherwise you will not be able to use the default IK controller setting for GR1 robot.
[robosuite WARNING] Could not import robosuite_models. Some robots may not be available. If you want to use these robots, please install robosuite_models from source (https://github.com/ARISE-Initiative/robosuite_models) or through pip install. (__init__.py:30)
WARNING:robosuite_logs:Could not import robosuite_models. Some robots may not be available. If you want to use these robots, please install robosuite_models from source (https://github.com/ARISE-Initiative/robosuite_models) or through pip install.
[robosuite WARNING] Could not load the mink-based whole-body IK. Make sure you install related import properly (e.g. pip install mink==0.0.5), otherwise you will not be able to use the default IK controller setting for GR1 robot. (__init__.py:40)
WARNING:robosuite_logs:Could not load the mink-based whole-body IK. Make sure you install related import properly (e.g. pip install mink==0.0.5), otherwise you will not be able to use the default IK controller setting for GR1 robot.
[robosuite WARNING] Could not import robosuite_models. Some robots may not be available. If you want to use these robots, please install robosuite_models from source (https://github.com/ARISE-Initiative/robosuite_models) or through pip install. (__init__.py:30)
WARNING:robosuite_logs:Could not import robosuite_models. Some robots may not be available. If you want to use these robots, please install robosuite_models from source (https://github.com/ARISE-Initiative/robosuite_models) or through pip install.
[robosuite WARNING] Could not import robosuite_models. Some robots may not be available. If you want to use these robots, please install robosuite_models from source (https://github.com/ARISE-Initiative/robosuite_models) or through pip install. (__init__.py:30)
WARNING:robosuite_logs:Could not import robosuite_models. Some robots may not be available. If you want to use these robots, please install robosuite_models from source (https://github.com/ARISE-Initiative/robosuite_models) or through pip install.
[robosuite WARNING] Could not load the mink-based whole-body IK. Make sure you install related import properly (e.g. pip install mink==0.0.5), otherwise you will not be able to use the default IK controller setting for GR1 robot. (__init__.py:40)
WARNING:robosuite_logs:Could not load the mink-based whole-body IK. Make sure you install related import properly (e.g. pip install mink==0.0.5), otherwise you will not be able to use the default IK controller setting for GR1 robot.
[robosuite WARNING] Could not load the mink-based whole-body IK. Make sure you install related import properly (e.g. pip install mink==0.0.5), otherwise you will not be able to use the default IK controller setting for GR1 robot. (__init__.py:40)
WARNING:robosuite_logs:Could not load the mink-based whole-body IK. Make sure you install related import properly (e.g. pip install mink==0.0.5), otherwise you will not be able to use the default IK controller setting for GR1 robot.
[robosuite WARNING] Could not import robosuite_models. Some robots may not be available. If you want to use these robots, please install robosuite_models from source (https://github.com/ARISE-Initiative/robosuite_models) or through pip install. (__init__.py:30)
WARNING:robosuite_logs:Could not import robosuite_models. Some robots may not be available. If you want to use these robots, please install robosuite_models from source (https://github.com/ARISE-Initiative/robosuite_models) or through pip install.
[robosuite WARNING] Could not load the mink-based whole-body IK. Make sure you install related import properly (e.g. pip install mink==0.0.5), otherwise you will not be able to use the default IK controller setting for GR1 robot. (__init__.py:40)
WARNING:robosuite_logs:Could not load the mink-based whole-body IK. Make sure you install related import properly (e.g. pip install mink==0.0.5), otherwise you will not be able to use the default IK controller setting for GR1 robot.
[robosuite WARNING] Could not import robosuite_models. Some robots may not be available. If you want to use these robots, please install robosuite_models from source (https://github.com/ARISE-Initiative/robosuite_models) or through pip install. (__init__.py:30)
WARNING:robosuite_logs:Could not import robosuite_models. Some robots may not be available. If you want to use these robots, please install robosuite_models from source (https://github.com/ARISE-Initiative/robosuite_models) or through pip install.
[robosuite WARNING] Could not load the mink-based whole-body IK. Make sure you install related import properly (e.g. pip install mink==0.0.5), otherwise you will not be able to use the default IK controller setting for GR1 robot. (__init__.py:40)
WARNING:robosuite_logs:Could not load the mink-based whole-body IK. Make sure you install related import properly (e.g. pip install mink==0.0.5), otherwise you will not be able to use the default IK controller setting for GR1 robot.
[robosuite WARNING] Could not import robosuite_models. Some robots may not be available. If you want to use these robots, please install robosuite_models from source (https://github.com/ARISE-Initiative/robosuite_models) or through pip install. (__init__.py:30)
WARNING:robosuite_logs:Could not import robosuite_models. Some robots may not be available. If you want to use these robots, please install robosuite_models from source (https://github.com/ARISE-Initiative/robosuite_models) or through pip install.
[robosuite WARNING] Could not load the mink-based whole-body IK. Make sure you install related import properly (e.g. pip install mink==0.0.5), otherwise you will not be able to use the default IK controller setting for GR1 robot. (__init__.py:40)
WARNING:robosuite_logs:Could not load the mink-based whole-body IK. Make sure you install related import properly (e.g. pip install mink==0.0.5), otherwise you will not be able to use the default IK controller setting for GR1 robot.
[robosuite WARNING] Could not import robosuite_models. Some robots may not be available. If you want to use these robots, please install robosuite_models from source (https://github.com/ARISE-Initiative/robosuite_models) or through pip install. (__init__.py:30)
WARNING:robosuite_logs:Could not import robosuite_models. Some robots may not be available. If you want to use these robots, please install robosuite_models from source (https://github.com/ARISE-Initiative/robosuite_models) or through pip install.
[robosuite WARNING] Could not load the mink-based whole-body IK. Make sure you install related import properly (e.g. pip install mink==0.0.5), otherwise you will not be able to use the default IK controller setting for GR1 robot. (__init__.py:40)
WARNING:robosuite_logs:Could not load the mink-based whole-body IK. Make sure you install related import properly (e.g. pip install mink==0.0.5), otherwise you will not be able to use the default IK controller setting for GR1 robot.
[robosuite WARNING] Could not import robosuite_models. Some robots may not be available. If you want to use these robots, please install robosuite_models from source (https://github.com/ARISE-Initiative/robosuite_models) or through pip install. (__init__.py:30)
WARNING:robosuite_logs:Could not import robosuite_models. Some robots may not be available. If you want to use these robots, please install robosuite_models from source (https://github.com/ARISE-Initiative/robosuite_models) or through pip install.
[robosuite WARNING] Could not import robosuite_models. Some robots may not be available. If you want to use these robots, please install robosuite_models from source (https://github.com/ARISE-Initiative/robosuite_models) or through pip install. (__init__.py:30)
WARNING:robosuite_logs:Could not import robosuite_models. Some robots may not be available. If you want to use these robots, please install robosuite_models from source (https://github.com/ARISE-Initiative/robosuite_models) or through pip install.
[robosuite WARNING] Could not load the mink-based whole-body IK. Make sure you install related import properly (e.g. pip install mink==0.0.5), otherwise you will not be able to use the default IK controller setting for GR1 robot. (__init__.py:40)
WARNING:robosuite_logs:Could not load the mink-based whole-body IK. Make sure you install related import properly (e.g. pip install mink==0.0.5), otherwise you will not be able to use the default IK controller setting for GR1 robot.
[robosuite WARNING] Could not load the mink-based whole-body IK. Make sure you install related import properly (e.g. pip install mink==0.0.5), otherwise you will not be able to use the default IK controller setting for GR1 robot. (__init__.py:40)
WARNING:robosuite_logs:Could not load the mink-based whole-body IK. Make sure you install related import properly (e.g. pip install mink==0.0.5), otherwise you will not be able to use the default IK controller setting for GR1 robot.
[robosuite INFO] Loading controller configuration from: /home/noahcylich/cs188-cabinet-door-project/robosuite/robosuite/controllers/config/robots/default_pandaomron.json (composite_controller_factory.py:121)
WARNING: mimicgen environments not imported since mimicgen is not installed!
INFO:robosuite_logs:Loading controller configuration from: /home/noahcylich/cs188-cabinet-door-project/robosuite/robosuite/controllers/config/robots/default_pandaomron.json
[robosuite INFO] Loading controller configuration from: /home/noahcylich/cs188-cabinet-door-project/robosuite/robosuite/controllers/config/robots/default_pandaomron.json (composite_controller_factory.py:121)
WARNING: mimicgen environments not imported since mimicgen is not installed!
INFO:robosuite_logs:Loading controller configuration from: /home/noahcylich/cs188-cabinet-door-project/robosuite/robosuite/controllers/config/robots/default_pandaomron.json
[robosuite INFO] Loading controller configuration from: /home/noahcylich/cs188-cabinet-door-project/robosuite/robosuite/controllers/config/robots/default_pandaomron.json (composite_controller_factory.py:121)
WARNING: mimicgen environments not imported since mimicgen is not installed!
INFO:robosuite_logs:Loading controller configuration from: /home/noahcylich/cs188-cabinet-door-project/robosuite/robosuite/controllers/config/robots/default_pandaomron.json
[robosuite INFO] Loading controller configuration from: /home/noahcylich/cs188-cabinet-door-project/robosuite/robosuite/controllers/config/robots/default_pandaomron.json (composite_controller_factory.py:121)
WARNING: mimicgen environments not imported since mimicgen is not installed!
INFO:robosuite_logs:Loading controller configuration from: /home/noahcylich/cs188-cabinet-door-project/robosuite/robosuite/controllers/config/robots/default_pandaomron.json
[robosuite INFO] Loading controller configuration from: /home/noahcylich/cs188-cabinet-door-project/robosuite/robosuite/controllers/config/robots/default_pandaomron.json (composite_controller_factory.py:121)
WARNING: mimicgen environments not imported since mimicgen is not installed!
INFO:robosuite_logs:Loading controller configuration from: /home/noahcylich/cs188-cabinet-door-project/robosuite/robosuite/controllers/config/robots/default_pandaomron.json
[robosuite INFO] Loading controller configuration from: /home/noahcylich/cs188-cabinet-door-project/robosuite/robosuite/controllers/config/robots/default_pandaomron.json (composite_controller_factory.py:121)
WARNING: mimicgen environments not imported since mimicgen is not installed!
INFO:robosuite_logs:Loading controller configuration from: /home/noahcylich/cs188-cabinet-door-project/robosuite/robosuite/controllers/config/robots/default_pandaomron.json
[robosuite INFO] Loading controller configuration from: /home/noahcylich/cs188-cabinet-door-project/robosuite/robosuite/controllers/config/robots/default_pandaomron.json (composite_controller_factory.py:121)
[robosuite INFO] Loading controller configuration from: /home/noahcylich/cs188-cabinet-door-project/robosuite/robosuite/controllers/config/robots/default_pandaomron.json (composite_controller_factory.py:121)
WARNING: mimicgen environments not imported since mimicgen is not installed!
INFO:robosuite_logs:Loading controller configuration from: /home/noahcylich/cs188-cabinet-door-project/robosuite/robosuite/controllers/config/robots/default_pandaomron.json
WARNING: mimicgen environments not imported since mimicgen is not installed!
INFO:robosuite_logs:Loading controller configuration from: /home/noahcylich/cs188-cabinet-door-project/robosuite/robosuite/controllers/config/robots/default_pandaomron.json
[robosuite INFO] Loading controller configuration from: /home/noahcylich/cs188-cabinet-door-project/robosuite/robosuite/controllers/config/robots/default_pandaomron.json (composite_controller_factory.py:121)
[robosuite INFO] Loading controller configuration from: /home/noahcylich/cs188-cabinet-door-project/robosuite/robosuite/controllers/config/robots/default_pandaomron.json (composite_controller_factory.py:121)
WARNING: mimicgen environments not imported since mimicgen is not installed!
INFO:robosuite_logs:Loading controller configuration from: /home/noahcylich/cs188-cabinet-door-project/robosuite/robosuite/controllers/config/robots/default_pandaomron.json
WARNING: mimicgen environments not imported since mimicgen is not installed!
INFO:robosuite_logs:Loading controller configuration from: /home/noahcylich/cs188-cabinet-door-project/robosuite/robosuite/controllers/config/robots/default_pandaomron.json
[robosuite INFO] Loading controller configuration from: /home/noahcylich/cs188-cabinet-door-project/robosuite/robosuite/controllers/config/robots/default_pandaomron.json (composite_controller_factory.py:121)
WARNING: mimicgen environments not imported since mimicgen is not installed!
INFO:robosuite_logs:Loading controller configuration from: /home/noahcylich/cs188-cabinet-door-project/robosuite/robosuite/controllers/config/robots/default_pandaomron.json
[robosuite INFO] Loading controller configuration from: /home/noahcylich/cs188-cabinet-door-project/robosuite/robosuite/controllers/config/robots/default_pandaomron.json (composite_controller_factory.py:121)
WARNING: mimicgen environments not imported since mimicgen is not installed!
INFO:robosuite_logs:Loading controller configuration from: /home/noahcylich/cs188-cabinet-door-project/robosuite/robosuite/controllers/config/robots/default_pandaomron.json
[robosuite INFO] Loading controller configuration from: /home/noahcylich/cs188-cabinet-door-project/robosuite/robosuite/controllers/config/robots/default_pandaomron.json (composite_controller_factory.py:121)
WARNING: mimicgen environments not imported since mimicgen is not installed!
INFO:robosuite_logs:Loading controller configuration from: /home/noahcylich/cs188-cabinet-door-project/robosuite/robosuite/controllers/config/robots/default_pandaomron.json
[robosuite INFO] Loading controller configuration from: /home/noahcylich/cs188-cabinet-door-project/robosuite/robosuite/controllers/config/robots/default_pandaomron.json (composite_controller_factory.py:121)
WARNING: mimicgen environments not imported since mimicgen is not installed!
INFO:robosuite_logs:Loading controller configuration from: /home/noahcylich/cs188-cabinet-door-project/robosuite/robosuite/controllers/config/robots/default_pandaomron.json
[robosuite INFO] Loading controller configuration from: /home/noahcylich/cs188-cabinet-door-project/robosuite/robosuite/controllers/config/robots/default_pandaomron.json (composite_controller_factory.py:121)
WARNING: mimicgen environments not imported since mimicgen is not installed!
INFO:robosuite_logs:Loading controller configuration from: /home/noahcylich/cs188-cabinet-door-project/robosuite/robosuite/controllers/config/robots/default_pandaomron.json
[robosuite INFO] Loading controller configuration from: /home/noahcylich/cs188-cabinet-door-project/robosuite/robosuite/controllers/config/robots/default_pandaomron.json (composite_controller_factory.py:121)
WARNING: mimicgen environments not imported since mimicgen is not installed!
INFO:robosuite_logs:Loading controller configuration from: /home/noahcylich/cs188-cabinet-door-project/robosuite/robosuite/controllers/config/robots/default_pandaomron.json
[robosuite INFO] Loading controller configuration from: /home/noahcylich/cs188-cabinet-door-project/robosuite/robosuite/controllers/config/robots/default_pandaomron.json (composite_controller_factory.py:121)
WARNING: mimicgen environments not imported since mimicgen is not installed!
INFO:robosuite_logs:Loading controller configuration from: /home/noahcylich/cs188-cabinet-door-project/robosuite/robosuite/controllers/config/robots/default_pandaomron.json
INFO:__main__:  Handle cache done in 633s
INFO:__main__:obs_full shape: torch.Size([184024, 44])  (expected 44-dim)
INFO:__main__:Saved to /tmp/diffusion_policy_checkpoints/preprocessed_target_states.pt
INFO:__main__:Total time: 1466.5s
